<?xml version="1.0" encoding="UTF-8"?>
<!-- Generated by org.testng.reporters.JUnitReportReporter -->
<testsuite hostname="maly-10" failures="0" tests="3" name="checkSingleUserTest" time="1.208" errors="0" timestamp="25 May 2021 13:26:44 GMT" skipped="0">
  <testcase classname="checkSingleUserTest" name="getSingleUserData" time="0.382"/>
  <testcase classname="checkSingleUserTest" name="getSingleUserData" time="0.445"/>
  <testcase classname="checkSingleUserTest" name="getSingleUserData" time="0.381"/>
</testsuite> <!-- checkSingleUserTest -->
