<?xml version="1.0" encoding="UTF-8"?>
<!-- Generated by org.testng.reporters.JUnitReportReporter -->
<testsuite hostname="maly-10" failures="0" tests="2" name="createAndUpdateUserTest" time="0.946" errors="0" timestamp="25 May 2021 13:25:01 GMT" skipped="0">
  <testcase classname="createAndUpdateUserTest" name="getListUserData" time="0.515"/>
  <testcase classname="createAndUpdateUserTest" name="getListUserData" time="0.431"/>
</testsuite> <!-- createAndUpdateUserTest -->
